2025-02-04 12:16:22,103 - INFO - Attempting to send email to: muhammadilhamn542@gmail.com (Muhammad)
2025-02-04 12:16:30,594 - INFO - Successfully sent email to: muhammadilhamn542@gmail.com (Muhammad)
2025-02-04 12:16:50,599 - INFO - Attempting to send email to: uiuxzaiid@gmail.com (Zaid)
2025-02-04 12:16:58,929 - INFO - Successfully sent email to: uiuxzaiid@gmail.com (Zaid)
2025-02-04 12:17:18,933 - INFO - Attempting to send email to: patrycpatrycjazarekk@gmail.com (Patrycja)
2025-02-04 12:17:27,296 - INFO - Successfully sent email to: patrycpatrycjazarekk@gmail.com (Patrycja)
2025-02-04 12:17:47,300 - INFO - Attempting to send email to: arezoosanaifar@gmail.com (Arezoo)
2025-02-04 12:17:55,846 - INFO - Successfully sent email to: arezoosanaifar@gmail.com (Arezoo)
2025-02-04 12:18:15,851 - INFO - Attempting to send email to: helloalexbender@gmail.com (Alex)
2025-02-04 12:18:24,278 - INFO - Successfully sent email to: helloalexbender@gmail.com (Alex)
2025-02-04 12:18:44,279 - INFO - Attempting to send email to: uxuinisha@gmail.com (Nisha)
2025-02-04 12:18:52,571 - INFO - Successfully sent email to: uxuinisha@gmail.com (Nisha)
2025-02-04 12:19:12,573 - INFO - Attempting to send email to: rfnjabbari@gmail.com (i)
2025-02-04 12:19:20,805 - INFO - Successfully sent email to: rfnjabbari@gmail.com (i)
2025-02-04 12:19:40,809 - INFO - Attempting to send email to: contact.salonijoshi@gmail.com (Saloni)
2025-02-04 12:19:49,363 - INFO - Successfully sent email to: contact.salonijoshi@gmail.com (Saloni)
2025-02-04 12:20:09,369 - INFO - Attempting to send email to: becky@togetherincredible.com (Becky)
2025-02-04 12:20:17,604 - INFO - Successfully sent email to: becky@togetherincredible.com (Becky)
2025-02-04 12:20:37,612 - INFO - Attempting to send email to: hi@digitalkamil.com (Kamil)
2025-02-04 12:20:46,819 - INFO - Successfully sent email to: hi@digitalkamil.com (Kamil)
2025-02-04 12:21:06,826 - INFO - Attempting to send email to: lucasmlima1516@gmail.com (Matias)
2025-02-04 12:21:15,198 - INFO - Successfully sent email to: lucasmlima1516@gmail.com (Matias)
2025-02-04 12:21:35,202 - INFO - Attempting to send email to: nazmijavier7@gmail.com (Nazmi)
2025-02-04 12:21:43,988 - INFO - Successfully sent email to: nazmijavier7@gmail.com (Nazmi)
2025-02-04 12:22:03,994 - INFO - Attempting to send email to: design@gmail.com (Nisha)
2025-02-04 12:22:12,352 - INFO - Successfully sent email to: design@gmail.com (Nisha)
2025-02-04 12:22:32,358 - INFO - Attempting to send email to: talesdesignn@gmail.com (Ale)
2025-02-04 12:22:40,665 - INFO - Successfully sent email to: talesdesignn@gmail.com (Ale)
2025-02-04 12:23:00,667 - INFO - Attempting to send email to: hello@interaction-design.org (IxDF)
2025-02-04 12:23:08,992 - INFO - Successfully sent email to: hello@interaction-design.org (IxDF)
2025-02-04 12:23:28,999 - INFO - Attempting to send email to: animaanima0701@gmail.com,anima0701@gmail.com (Anima)
2025-02-04 12:23:37,603 - INFO - Successfully sent email to: animaanima0701@gmail.com,anima0701@gmail.com (Anima)
2025-02-04 12:23:57,607 - INFO - Attempting to send email to: info@logiaweb.net (Adrien)
2025-02-04 12:24:06,123 - INFO - Successfully sent email to: info@logiaweb.net (Adrien)
2025-02-04 12:24:26,127 - INFO - Attempting to send email to: thesanthoshdesign@gmail.com (Santhosh)
2025-02-04 12:24:34,454 - INFO - Successfully sent email to: thesanthoshdesign@gmail.com (Santhosh)
2025-02-04 12:24:54,456 - INFO - Attempting to send email to: monika@majkowska.design (Monika)
2025-02-04 12:25:02,766 - INFO - Successfully sent email to: monika@majkowska.design (Monika)
2025-02-04 12:25:22,767 - INFO - Attempting to send email to: contact.aria.ux@gmail.com,ux@gmail.com (ARIA)
2025-02-04 12:25:31,347 - INFO - Successfully sent email to: contact.aria.ux@gmail.com,ux@gmail.com (ARIA)
2025-02-04 12:25:51,352 - INFO - Attempting to send email to: hello@lavidesign.studio (Lavi)
2025-02-04 12:25:59,621 - INFO - Successfully sent email to: hello@lavidesign.studio (Lavi)
2025-02-04 12:26:19,622 - INFO - Attempting to send email to: laibazafar505@gmail.com (Laiba)
2025-02-04 12:26:27,900 - INFO - Successfully sent email to: laibazafar505@gmail.com (Laiba)
2025-02-04 12:26:47,905 - INFO - Attempting to send email to: ux.ayushi@gmail.com (Ayushi)
2025-02-04 12:26:56,472 - INFO - Successfully sent email to: ux.ayushi@gmail.com (Ayushi)
2025-02-04 12:27:16,473 - INFO - Attempting to send email to: uiux@gmail.com (Web)
2025-02-04 12:27:24,711 - INFO - Successfully sent email to: uiux@gmail.com (Web)
2025-02-04 12:27:44,713 - INFO - Attempting to send email to: tanujpatel.ux@gmail.com (Tanuj)
2025-02-04 12:27:53,315 - INFO - Successfully sent email to: tanujpatel.ux@gmail.com (Tanuj)
2025-02-04 12:28:13,318 - INFO - Attempting to send email to: anishka.works@gmail.com (Anishka)
2025-02-04 12:28:21,725 - INFO - Successfully sent email to: anishka.works@gmail.com (Anishka)
2025-02-04 12:28:41,726 - INFO - Attempting to send email to: uiuxmadhuraa@gmail.com (Madhura)
2025-02-04 12:28:50,063 - INFO - Successfully sent email to: uiuxmadhuraa@gmail.com (Madhura)
2025-02-04 12:29:10,066 - INFO - Attempting to send email to: ui.ux.jam.design@gmail.com (Sergey)
2025-02-04 12:29:18,358 - INFO - Successfully sent email to: ui.ux.jam.design@gmail.com (Sergey)
2025-02-04 12:29:38,361 - INFO - Attempting to send email to: ehsan.collab@gmaim.com (Ehsan)
2025-02-04 12:29:46,705 - INFO - Successfully sent email to: ehsan.collab@gmaim.com (Ehsan)
2025-02-04 12:30:06,708 - INFO - Attempting to send email to: graphicscreator15@gmail.com (Zami)
2025-02-04 12:30:15,081 - INFO - Successfully sent email to: graphicscreator15@gmail.com (Zami)
2025-02-04 12:30:35,083 - INFO - Attempting to send email to: zaidesign4@gmail.com (Hey!)
2025-02-04 12:30:43,667 - INFO - Successfully sent email to: zaidesign4@gmail.com (Hey!)
2025-02-04 12:31:03,671 - INFO - Attempting to send email to: uiux.farida@gmail.com,farida@gmail.com (Farida)
